C51 COMPILER V9.60.0.0   HELLOWORLD                                                        10/09/2022 21:02:01 PAGE 1   


C51 COMPILER V9.60.0.0, COMPILATION OF MODULE HELLOWORLD
OBJECT MODULE PLACED IN .\Output\helloworld.obj
COMPILER INVOKED BY: C:\Keil_v5\C51\BIN\C51.EXE ..\helloworld.c LARGE OMF2 OPTIMIZE(7,SPEED) BROWSE INCDIR(..\..\..\..\L
                    -ibrary\Device\Include;..\..\..\..\Library\StdDriver\inc) DEBUG PRINT(.\LST\helloworld.lst) TABS(2) OBJECT(.\Output\hello
                    -world.obj)

line level    source

   1          /*--------------------------------------------------------------------------------------------------------
             --*/
   2          /*                                                                                                        
             - */
   3          /* SPDX-License-Identifier: Apache-2.0                                                                    
             - */
   4          /* Copyright(c) 2020 Nuvoton Technology Corp. All rights reserved.                                        
             - */
   5          /*                                                                                                        
             - */
   6          /*--------------------------------------------------------------------------------------------------------
             --*/
   7          
   8          
   9          /*********************************************************************************************************
             -***/
  10          /*  File Function: MS51 DEMO project                                                                      
             -  */
  11          /*********************************************************************************************************
             -***/
  12          
  13          #include "MS51_32K.h"
  14          
  15          
  16          void main (void) 
  17          {
  18   1      /* UART0 initial setting
  19   1        * include sys.c in Library for modify HIRC value to 24MHz
  20   1        * include uart.c in Library for UART initial setting
  21   1      */
  22   1          MODIFY_HIRC(HIRC_24);
  23   1          P06_PUSHPULL_MODE;
  24   1          UART_Open(24000000,UART0_Timer3,115200);
  25   1          ENABLE_UART0_PRINTF;
  26   1      
  27   1          printf("\n Hello world!");
  28   1          while(1);
  29   1      
  30   1      
  31   1      }
  32          
  33          
  34          


MODULE INFORMATION:   STATIC OVERLAYABLE
   CODE SIZE        =     55    ----
   CONSTANT SIZE    =     15    ----
   XDATA SIZE       =   ----    ----
   PDATA SIZE       =   ----    ----
   DATA SIZE        =   ----    ----
   IDATA SIZE       =   ----    ----
   BIT SIZE         =   ----    ----
C51 COMPILER V9.60.0.0   HELLOWORLD                                                        10/09/2022 21:02:01 PAGE 2   

   EDATA SIZE       =   ----    ----
   HDATA SIZE       =   ----    ----
   XDATA CONST SIZE =   ----    ----
   FAR CONST SIZE   =   ----    ----
END OF MODULE INFORMATION.


C51 COMPILATION COMPLETE.  0 WARNING(S),  0 ERROR(S)
