C51 COMPILER V9.60.0.0   GPIO                                                              10/09/2022 20:43:06 PAGE 1   


C51 COMPILER V9.60.0.0, COMPILATION OF MODULE GPIO
OBJECT MODULE PLACED IN .\Output\GPIO.obj
COMPILER INVOKED BY: C:\Keil_v5\C51\BIN\C51.EXE ..\GPIO.C LARGE OMF2 OPTIMIZE(7,SPEED) BROWSE INCDIR(..\..\..\..\Library
                    -\Device\Include;..\..\..\..\Library\StdDriver\inc) DEBUG PRINT(.\LST\GPIO.lst) TABS(2) OBJECT(.\Output\GPIO.obj)

line level    source

   1          /*--------------------------------------------------------------------------------------------------------
             --*/
   2          /*                                                                                                        
             - */
   3          /* SPDX-License-Identifier: Apache-2.0                                                                    
             - */
   4          /* Copyright(c) 2020 Nuvoton Technology Corp. All rights reserved.                                        
             - */
   5          /*                                                                                                        
             - */
   6          /*--------------------------------------------------------------------------------------------------------
             --*/
   7          
   8          
   9          //********************************************************************************************************
             -***
  10          //  File Function: MS51 GPIO toggle demo code
  11          //********************************************************************************************************
             -***
  12          #include "MS51_32K.H"
  13          
  14          unsigned char temp _at_ 0x08;
  15          unsigned char idata itemp _at_ 0x90;
  16          unsigned char xdata xtemp _at_ 0x80;
  17          
  18          //----------------------------------------------------------------------------------------------//
  19          void main (void)
  20          {
  21   1        ALL_GPIO_QUASI_MODE;
  22   1        while(1)
  23   1        {
  24   2          //P1 = 0xff;
  25   2          P33 = 1;
  26   2          Timer0_Delay(16000000,200,1000);;
  27   2          //P1=0x00;
  28   2          P33 = 0;
  29   2          Timer0_Delay(16000000,200,1000);;
  30   2        }
  31   1      }
  32          
  33          
  34          


MODULE INFORMATION:   STATIC OVERLAYABLE
   CODE SIZE        =     87    ----
   CONSTANT SIZE    =   ----    ----
   XDATA SIZE       =   ----    ----
   PDATA SIZE       =   ----    ----
   DATA SIZE        =   ----    ----
   IDATA SIZE       =   ----    ----
   BIT SIZE         =   ----    ----
   EDATA SIZE       =   ----    ----
   HDATA SIZE       =   ----    ----
C51 COMPILER V9.60.0.0   GPIO                                                              10/09/2022 20:43:06 PAGE 2   

   XDATA CONST SIZE =   ----    ----
   FAR CONST SIZE   =   ----    ----
END OF MODULE INFORMATION.


C51 COMPILATION COMPLETE.  0 WARNING(S),  0 ERROR(S)
