C51 COMPILER V9.60.0.0   TIMER                                                             10/15/2022 20:13:59 PAGE 1   


C51 COMPILER V9.60.0.0, COMPILATION OF MODULE TIMER
OBJECT MODULE PLACED IN .\Output\timer.obj
COMPILER INVOKED BY: C:\Keil_v5\C51\BIN\C51.EXE ..\..\..\..\Library\StdDriver\src\timer.c LARGE OMF2 OPTIMIZE(7,SPEED) B
                    -ROWSE INCDIR(..\..\..\..\Library\Device\Include;..\..\..\..\Library\StdDriver\inc) DEBUG PRINT(.\LST\timer.lst) TABS(2) 
                    -OBJECT(.\Output\timer.obj)

line level    source

   1          /*--------------------------------------------------------------------------------------------------------
             --*/
   2          /*                                                                                                        
             - */
   3          /* SPDX-License-Identifier: Apache-2.0                                                                    
             - */
   4          /* Copyright(c) 2020 Nuvoton Technology Corp. All rights reserved.                                        
             - */
   5          /*                                                                                                        
             - */
   6          /*--------------------------------------------------------------------------------------------------------
             --*/
   7          
   8          /*********************************************************************************************************
             -**/
   9          /*  Website: http://www.nuvoton.com                                                                       
             - */
  10          /*  E-Mail : MicroC-8bit@nuvoton.com                                                                      
             - */
  11          /*  Date   : June/21/2020                                                                                 
             -  */
  12          /*********************************************************************************************************
             -**/
  13          #include "MS51_32K.h"
  14          
  15          
  16          void Timer0_ISR(void) interrupt 1            /*interrupt address is 0x000B */
  17          {
  18   1          _push_(SFRS);
  19   1          TF0 = 0;
  20   1          _pop_(SFRS);
  21   1      }
  22          
  23          //-------------------------------------------------------------------------
  24          void Timer0_Interrupt_Init(unsigned long u32SYSCLK, unsigned int u16CNT, unsigned int u16DLYUnit)
  25          {
  26   1          unsigned int i;
  27   1          BIT_TMP = EA;
  28   1          ENABLE_TIMER0_MODE1;
  29   1          TIMER0_FSYS_DIV12;
  30   1          ENABLE_TIMER0_INTERRUPT;
  31   1          ENABLE_GLOBAL_INTERRUPT;
  32   1      
  33   1          for (i = 0; i < u16CNT; i++)
  34   1          {
  35   2              TL0 = LOBYTE(65535 - ((u32SYSCLK / 1000000) * u16DLYUnit / 12));
  36   2              TH0 = HIBYTE(65535 - ((u32SYSCLK / 1000000) * u16DLYUnit / 12));
  37   2              set_TCON_TR0;                                    //Start Timer0
  38   2      
  39   2              while (!TF0);
  40   2      
  41   2              clr_TCON_TR0;
  42   2          }
C51 COMPILER V9.60.0.0   TIMER                                                             10/15/2022 20:13:59 PAGE 2   

  43   1      
  44   1          DISABLE_TIMER0_INTERRUPT;
  45   1          EA = BIT_TMP;
  46   1      }
  47          
  48          void Timer0_Interrupt_Disable(void)
  49          {
  50   1          clr_TCON_TR0;
  51   1          DISABLE_TIMER0_INTERRUPT;
  52   1      }
  53          /*
  54          //------------------------------------------------------------------------------
  55          void Timer0_Delay1ms(UINT32 u32CNT)
  56          {
  57              clr_CKCON_T0M;                                    //T0M=0, Timer0 Clock = Fsys/12
  58              TMOD |= 0x01;                               //Timer0 is 16-bit mode
  59          
  60              while (u32CNT != 0)
  61              {
  62                  TL0 = LOBYTE(TIMER_DIV12_VALUE_1ms);     //Find  define in "Function_define.h" "TIMER VALUE"
  63                  TH0 = HIBYTE(TIMER_DIV12_VALUE_1ms);
  64                   set_TCON_TR0;                                    //Start Timer0
  65                  while (TF0 != 1);                       //Check Timer0 Time-Out Flag
  66                  clr_TCON_TF0;
  67                  u32CNT --;
  68              }
  69              clr_TCON_TR0;                                    //Stop Timer0
  70          }
  71          //------------------------------------------------------------------------------
  72          void Timer1_Delay10ms(UINT32 u32CNT)
  73          {
  74              clr_CKCON_T1M;                                    //T1M=0, Timer1 Clock = Fsys/12
  75              TMOD |= 0x10;                                //Timer1 is 16-bit mode
  76              set_TCON_TR1;                                    //Start Timer1
  77              while (u32CNT != 0)
  78              {
  79                  TL1 = LOBYTE(TIMER_DIV12_VALUE_10ms);    //Find  define in "Function_define.h" "TIMER VALUE"
  80                  TH1 = HIBYTE(TIMER_DIV12_VALUE_10ms);
  81                  while (TF1 != 1);                        //Check Timer1 Time-Out Flag
  82                  clr_TCON_TF1;
  83                  u32CNT --;
  84              }
  85              clr_TCON_TR1;                                     //Stop Timer1
  86          }
  87          //------------------------------------------------------------------------------
  88          void Timer2_Delay500us(UINT8 u8CNT)
  89          {
  90              SFRS = 0;
  91              T2MOD&=0x8F;T2MOD|=0x10;                                   //Timer2 Clock = Fsys/4
  92              clr_T2CON_CMRL2;
  93              set_T2MOD_LDEN;
  94              set_T2MOD_CMPCR;
  95          
  96              while (u8CNT != 0)
  97              {
  98                  TL2 = LOBYTE(TIMER_DIV4_VALUE_500us);    //Find  define in "Function_define.h" "TIMER VALUE"
  99                  TH2 = HIBYTE(TIMER_DIV4_VALUE_500us);
 100                  set_T2CON_TR2;
 101                  while (TF2 == 0);                       //Check Timer2 Time-Out Flag
 102                  clr_T2CON_TF2;
 103                  u8CNT --;
 104              }
C51 COMPILER V9.60.0.0   TIMER                                                             10/15/2022 20:13:59 PAGE 3   

 105              clr_T2CON_TR2;                                    //Stop Timer2
 106          }
 107          void Timer2_Delay1ms(unsigned char u8CNT)
 108          {
 109              SFRS = 0;
 110              T2MOD&=0x8F;T2MOD|=0x10;                                   //Timer2 Clock = Fsys/4
 111              clr_T2CON_CMRL2;
 112              set_T2MOD_LDEN;
 113              set_T2MOD_CMPCR;
 114          
 115              while (u8CNT != 0)
 116              {        TL2 = LOBYTE(TIMER_DIV4_VALUE_1ms);    //Find  define in "Function_define.h" "TIMER VALUE"
 117                  TH2 = HIBYTE(TIMER_DIV4_VALUE_1ms);
 118                  set_T2CON_TR2;
 119                  while (TF2 == 0);                       //Check Timer2 Time-Out Flag
 120                  clr_T2CON_TF2;
 121                  u8CNT --;
 122              }
 123              clr_T2CON_TR2;                                    //Stop Timer2
 124          }
 125          //------------------------------------------------------------------------------
 126          void Timer3_Delay100ms(UINT32 u32CNT)
 127          {
 128              T3CON = 0x07;                               //Timer3 Clock = Fsys/128
 129              set_T3CON_TR3;                                    //Trigger Timer3
 130              while (u32CNT != 0)
 131              {
 132                  RL3 = LOBYTE(TIMER_DIV128_VALUE_100ms); //Find  define in "Function_define.h" "TIMER VALUE"
 133                  RH3 = HIBYTE(TIMER_DIV128_VALUE_100ms);
 134                  while ((T3CON&SET_BIT4) != SET_BIT4);    //Check Timer3 Time-Out Flag
 135                  clr_T3CON_TF3;
 136                  u32CNT --;
 137              }
 138              clr_T3CON_TR3;                                    //Stop Timer3
 139          }
 140          //------------------------------------------------------------------------------
 141          void Timer3_Delay10us(UINT32 u32CNT)
 142          {
 143              T3CON = 0x02;                               //Timer3 Clock = Fsys/4
 144              set_T3CON_TR3;                                    //Trigger Timer3
 145              while (u32CNT != 0)
 146              {
 147                  RL3 = LOBYTE(TIMER_DIV4_VALUE_10us); //Find  define in "Function_define.h" "TIMER VALUE"
 148                  RH3 = HIBYTE(TIMER_DIV4_VALUE_10us);
 149                  while ((T3CON&SET_BIT4) != SET_BIT4);    //Check Timer3 Time-Out Flag
 150                  clr_T3CON_TF3;
 151                  u32CNT --;
 152              }
 153              clr_T3CON_TR3;                                    //Stop Timer3
 154          }
 155          */


MODULE INFORMATION:   STATIC OVERLAYABLE
   CODE SIZE        =    262    ----
   CONSTANT SIZE    =   ----    ----
   XDATA SIZE       =   ----      10
   PDATA SIZE       =   ----    ----
   DATA SIZE        =   ----    ----
   IDATA SIZE       =   ----    ----
   BIT SIZE         =   ----    ----
   EDATA SIZE       =   ----    ----
C51 COMPILER V9.60.0.0   TIMER                                                             10/15/2022 20:13:59 PAGE 4   

   HDATA SIZE       =   ----    ----
   XDATA CONST SIZE =   ----    ----
   FAR CONST SIZE   =   ----    ----
END OF MODULE INFORMATION.


C51 COMPILATION COMPLETE.  0 WARNING(S),  0 ERROR(S)
