C51 COMPILER V9.60.0.0   UART                                                              10/15/2022 20:13:59 PAGE 1   


C51 COMPILER V9.60.0.0, COMPILATION OF MODULE UART
OBJECT MODULE PLACED IN .\Output\uart.obj
COMPILER INVOKED BY: C:\Keil_v5\C51\BIN\C51.EXE ..\..\..\..\Library\StdDriver\src\uart.c LARGE OMF2 OPTIMIZE(7,SPEED) BR
                    -OWSE INCDIR(..\..\..\..\Library\Device\Include;..\..\..\..\Library\StdDriver\inc) DEBUG PRINT(.\LST\uart.lst) TABS(2) OB
                    -JECT(.\Output\uart.obj)

line level    source

   1          /*--------------------------------------------------------------------------------------------------------
             --*/
   2          /*                                                                                                        
             - */
   3          /* SPDX-License-Identifier: Apache-2.0                                                                    
             - */
   4          /* Copyright(c) 2020 Nuvoton Technology Corp. All rights reserved.                                        
             - */
   5          /*                                                                                                        
             - */
   6          /*--------------------------------------------------------------------------------------------------------
             --*/
   7          
   8          /*********************************************************************************************************
             -**/
   9          /*  Website: http://www.nuvoton.com                                                                       
             - */
  10          /*  E-Mail : MicroC-8bit@nuvoton.com                                                                      
             - */
  11          /*  Date   : June/21/2020                                                                                 
             -  */
  12          /*********************************************************************************************************
             -**/
  13          #include "MS51_32K.h"
  14          bit PRINTFG = 0, uart0_receive_flag = 0, uart1_receive_flag;
  15          unsigned char uart0_receive_data, uart1_receive_data;
  16          
  17          
  18          void Serial_ISR(void) interrupt 4
  19          {
  20   1          _push_(SFRS);
  21   1          if (RI)
  22   1          {
  23   2              uart0_receive_flag = 1;
  24   2              uart0_receive_data = SBUF;
  25   2              clr_SCON_RI;                                         // Clear RI (Receive Interrupt).
  26   2          }
  27   1      
  28   1          if (TI)
  29   1          {
  30   2      //        if (!PRINTFG)
  31   2      //        {
  32   2      //            TI = 0;
  33   2      //        }
  34   2          }
  35   1          _pop_(SFRS);
  36   1      }  
  37          
  38          
  39          
  40          void SerialPort1_ISR(void) interrupt 15
  41          {
  42   1          _push_(SFRS);
C51 COMPILER V9.60.0.0   UART                                                              10/15/2022 20:13:59 PAGE 2   

  43   1      
  44   1          if (RI_1 == 1)
  45   1          {
  46   2              clr_SCON_1_RI_1;                             /* clear reception flag for next reception */
  47   2              uart1_receive_data = SBUF_1;
  48   2              uart1_receive_flag = 1;
  49   2          }
  50   1      
  51   1          if (TI_1 == 1)
  52   1          {
  53   2              if (!PRINTFG)
  54   2              {
  55   3                  clr_SCON_1_TI_1;                             /* if emission occur */
  56   3              }
  57   2          }
  58   1          _pop_(SFRS);
  59   1      }  
  60          
  61          /*MS51 new version buadrate */
  62          void UART_Open(unsigned long u32SysClock, unsigned char u8UARTPort, unsigned long u32Baudrate)
  63          {
  64   1           SFRS = 0;
  65   1           switch (u8UARTPort)
  66   1          {
  67   2              case UART0_Timer1:
  68   2                  SCON = 0x50;            //UART0 Mode1,REN=1,TI=1
  69   2                  TMOD |= 0x20;           //Timer1 Mode1
  70   2                  set_PCON_SMOD;          //UART0 Double Rate Enable
  71   2                  set_CKCON_T1M;
  72   2                  clr_T3CON_BRCK;          //Serial port 0 baud rate clock source = Timer1
  73   2                  TH1 = 256 - (u32SysClock / 16 / u32Baudrate);
  74   2                  set_TCON_TR1;
  75   2                  set_IE_ES;
  76   2                  break;
  77   2      
  78   2              case UART0_Timer3:
  79   2                  SCON = 0x50;          //UART0 Mode1,REN=1,TI=1
  80   2                  set_PCON_SMOD;        //UART0 Double Rate Enable
  81   2                  T3CON &= 0xF8;        //T3PS2=0,T3PS1=0,T3PS0=0(Prescale=1)
  82   2                  set_T3CON_BRCK;        //UART0 baud rate clock source = Timer3
  83   2                  RH3    = HIBYTE(65536 - (u32SysClock / 16 / u32Baudrate));
  84   2                  RL3    = LOBYTE(65536 - (u32SysClock / 16 / u32Baudrate));
  85   2                  set_T3CON_TR3;         //Trigger Timer3
  86   2                  set_IE_ES;
  87   2                  break;
  88   2      
  89   2              case UART1_Timer3:
  90   2                  SCON_1 = 0x50;          //UART1 Mode1,REN_1=1,TI_1=1
  91   2                  T3CON = 0x80;           //T3PS2=0,T3PS1=0,T3PS0=0(Prescale=1), UART1 in MODE 1
  92   2                  RH3    = HIBYTE(65536 - (u32SysClock/16/u32Baudrate));  
  93   2                  RL3    = LOBYTE(65536 - (u32SysClock/16/u32Baudrate));     
  94   2                  set_T3CON_TR3;             //Trigger Timer3
  95   2                  set_EIE1_ES_1;
  96   2                  break;
  97   2          }
  98   1       }
  99          
 100          unsigned char Receive_Data(unsigned char UARTPort)
 101          {
 102   1          UINT8 c;
 103   1          SFRS = 0;
 104   1          switch (UARTPort)
C51 COMPILER V9.60.0.0   UART                                                              10/15/2022 20:13:59 PAGE 3   

 105   1          {
 106   2              case UART0:
 107   2                  while (!RI);
 108   2                  c = SBUF;
 109   2                  RI = 0;
 110   2                  break;
 111   2      
 112   2              case UART1:
 113   2                  while (!RI_1);
 114   2                  c = SBUF_1;
 115   2                  RI_1 = 0;
 116   2                  break;
 117   2          }
 118   1      
 119   1          return (c);
 120   1      }
 121          
 122          void UART_Send_Data(unsigned char UARTPort, unsigned char c)
 123          {
 124   1          _push_(SFRS);
 125   1          SFRS = 0;
 126   1          switch (UARTPort)
 127   1          {
 128   2              case UART0:
 129   2                TI=0;
 130   2                SBUF = c;
 131   2                while(!TI);
 132   2              break;
 133   2              case UART1:
 134   2                TI_1=0;
 135   2                SBUF_1 = c;
 136   2                while(TI_1);
 137   2              break;
 138   2          }
 139   1          _pop_(SFRS);
 140   1      }
 141          
 142          
 143          void Enable_UART0_VCOM_printf_24M_115200(void)
 144          {
 145   1          P06_QUASI_MODE;
 146   1          UART_Open(24000000,UART0_Timer1,115200);
 147   1          ENABLE_UART0_PRINTF;
 148   1      }


MODULE INFORMATION:   STATIC OVERLAYABLE
   CODE SIZE        =    557    ----
   CONSTANT SIZE    =   ----    ----
   XDATA SIZE       =      2       9
   PDATA SIZE       =   ----    ----
   DATA SIZE        =   ----    ----
   IDATA SIZE       =   ----    ----
   BIT SIZE         =      3    ----
   EDATA SIZE       =   ----    ----
   HDATA SIZE       =   ----    ----
   XDATA CONST SIZE =   ----    ----
   FAR CONST SIZE   =   ----    ----
END OF MODULE INFORMATION.


C51 COMPILATION COMPLETE.  0 WARNING(S),  0 ERROR(S)
